<?xml version="1.0" encoding="UTF-8"?>
<!-- Generated by org.testng.reporters.JUnitReportReporter -->
<testsuite hostname="DESKTOP-RFGG51U" failures="0" tests="1" name="day28.LogIn" time="16.598" errors="0" timestamp="2023-12-11T16:23:35 IST" skipped="0">
  <testcase classname="day28.LogIn" name="loginTest" time="16.598"/>
</testsuite> <!-- day28.LogIn -->
